<?xml version="1.0" encoding="UTF-8"?>
<!-- Generated by org.testng.reporters.JUnitXMLReporter -->
<testsuite ignored="0" hostname="sanket" failures="0" tests="6" name="ChromeTest" time="15.192" errors="0" timestamp="2023-06-09T17:12:57 IST">
  <testcase classname="testNgPack.TestClassXYZ" name="verifyCookiesLink123" time="1.712"/>
  <testcase classname="testNgPack.TestClassXYZ" name="verifyPrivacyLink123" time="0.497"/>
  <testcase classname="testNgPack.TestClassXYZ" name="verifyTermLink123" time="0.391"/>
  <testcase classname="testNgPack.TestClassABC" name="verifyCookiesLink123" time="1.606"/>
  <testcase classname="testNgPack.TestClassABC" name="verifyPrivacyLink123" time="2.902"/>
  <testcase classname="testNgPack.TestClassABC" name="verifyTermLink123" time="1.127"/>
</testsuite> <!-- ChromeTest -->
