<?xml version="1.0" encoding="UTF-8"?>
<!-- Generated by org.testng.reporters.JUnitXMLReporter -->
<testsuite ignored="0" hostname="sanket" failures="0" tests="6" name="FirefoxTest" time="1.911" errors="0" timestamp="2023-06-09T17:12:59 IST">
  <testcase classname="testNgPack.TestClassXYZ" name="@BeforeTest openBrowser" time="0.0">
    <failure type="java.lang.NullPointerException" message="Cannot invoke &amp;quot;org.openqa.selenium.WebDriver.manage()&amp;quot; because &amp;quot;testNgPack.TestClassXYZ.driver&amp;quot; is null">
      <![CDATA[java.lang.NullPointerException: Cannot invoke "org.openqa.selenium.WebDriver.manage()" because "testNgPack.TestClassXYZ.driver" is null
at testNgPack.TestClassXYZ.openBrowser(TestClassXYZ.java:66)
... Removed 24 stack frames]]>
    </failure>
  </testcase> <!-- @BeforeTest openBrowser -->
  <testcase classname="testNgPack.TestClassXYZ" name="@BeforeClass creatPomObjects" time="-1.686310979482E9">
    <skipped/>
  </testcase> <!-- @BeforeClass creatPomObjects -->
  <testcase classname="testNgPack.TestClassXYZ" name="@BeforeMethod beforeMehtod" time="-1.686310979484E9">
    <skipped/>
  </testcase> <!-- @BeforeMethod beforeMehtod -->
  <testcase classname="testNgPack.TestClassXYZ" name="@AfterMethod afterMethod" time="-1.686310979486E9">
    <skipped/>
  </testcase> <!-- @AfterMethod afterMethod -->
  <testcase classname="testNgPack.TestClassXYZ" name="@BeforeMethod beforeMehtod" time="-1.686310979486E9">
    <skipped/>
  </testcase> <!-- @BeforeMethod beforeMehtod -->
  <testcase classname="testNgPack.TestClassXYZ" name="@AfterMethod afterMethod" time="-1.686310979488E9">
    <skipped/>
  </testcase> <!-- @AfterMethod afterMethod -->
  <testcase classname="testNgPack.TestClassXYZ" name="@BeforeMethod beforeMehtod" time="-1.686310979489E9">
    <skipped/>
  </testcase> <!-- @BeforeMethod beforeMehtod -->
  <testcase classname="testNgPack.TestClassXYZ" name="@AfterMethod afterMethod" time="-1.68631097949E9">
    <skipped/>
  </testcase> <!-- @AfterMethod afterMethod -->
  <testcase classname="testNgPack.TestClassXYZ" name="@AfterClass clearPomObjects" time="-1.686310979491E9">
    <skipped/>
  </testcase> <!-- @AfterClass clearPomObjects -->
  <testcase classname="testNgPack.TestClassABC" name="@BeforeClass creatPomObjects" time="-1.686310979491E9">
    <skipped/>
  </testcase> <!-- @BeforeClass creatPomObjects -->
  <testcase classname="testNgPack.TestClassABC" name="@BeforeMethod beforeMehtod" time="-1.686310979492E9">
    <skipped/>
  </testcase> <!-- @BeforeMethod beforeMehtod -->
  <testcase classname="testNgPack.TestClassABC" name="@AfterMethod afterMethod" time="-1.686310979494E9">
    <skipped/>
  </testcase> <!-- @AfterMethod afterMethod -->
  <testcase classname="testNgPack.TestClassABC" name="@BeforeMethod beforeMehtod" time="-1.686310979494E9">
    <skipped/>
  </testcase> <!-- @BeforeMethod beforeMehtod -->
  <testcase classname="testNgPack.TestClassABC" name="@AfterMethod afterMethod" time="-1.686310979496E9">
    <skipped/>
  </testcase> <!-- @AfterMethod afterMethod -->
  <testcase classname="testNgPack.TestClassABC" name="@BeforeMethod beforeMehtod" time="-1.686310979496E9">
    <skipped/>
  </testcase> <!-- @BeforeMethod beforeMehtod -->
  <testcase classname="testNgPack.TestClassABC" name="@AfterMethod afterMethod" time="-1.686310979498E9">
    <skipped/>
  </testcase> <!-- @AfterMethod afterMethod -->
  <testcase classname="testNgPack.TestClassABC" name="@AfterClass clearPomObjects" time="-1.686310979498E9">
    <skipped/>
  </testcase> <!-- @AfterClass clearPomObjects -->
  <testcase classname="testNgPack.TestClassABC" name="@AfterTest afterTest" time="-1.686310979499E9">
    <skipped/>
  </testcase> <!-- @AfterTest afterTest -->
  <testcase classname="testNgPack.TestClassXYZ" name="@AfterTest afterTest" time="-1.686310979499E9">
    <skipped/>
  </testcase> <!-- @AfterTest afterTest -->
  <testcase classname="testNgPack.TestClassXYZ" name="verifyCookiesLink123" time="0.0">
    <skipped/>
  </testcase> <!-- verifyCookiesLink123 -->
  <testcase classname="testNgPack.TestClassXYZ" name="verifyPrivacyLink123" time="0.0">
    <skipped/>
  </testcase> <!-- verifyPrivacyLink123 -->
  <testcase classname="testNgPack.TestClassXYZ" name="verifyTermLink123" time="0.0">
    <skipped/>
  </testcase> <!-- verifyTermLink123 -->
  <testcase classname="testNgPack.TestClassABC" name="verifyCookiesLink123" time="0.0">
    <skipped/>
  </testcase> <!-- verifyCookiesLink123 -->
  <testcase classname="testNgPack.TestClassABC" name="verifyPrivacyLink123" time="0.0">
    <skipped/>
  </testcase> <!-- verifyPrivacyLink123 -->
  <testcase classname="testNgPack.TestClassABC" name="verifyTermLink123" time="0.0">
    <skipped/>
  </testcase> <!-- verifyTermLink123 -->
</testsuite> <!-- FirefoxTest -->
