<?xml version="1.0" encoding="UTF-8"?>
<!-- Generated by org.testng.reporters.JUnitXMLReporter -->
<testsuite ignored="2" hostname="sanket" failures="1" tests="1" name="Default test(failed)" time="0.032" errors="0" timestamp="2023-02-22T14:18:05 IST">
  <testcase classname="testNgPack.Automation" name="test3" time="0.006">
    <failure type="java.lang.AssertionError" message="The following asserts failed:
	Cancel Button text is wrong expected [Cancell] but found [Cancel]">
      <![CDATA[java.lang.AssertionError: The following asserts failed:
Cancel Button text is wrong expected [Cancell] but found [Cancel]
at testNgPack.Automation.test3(Automation.java:79)
at java.base/java.util.ArrayList.forEach(ArrayList.java:1511)
... Removed 29 stack frames]]>
    </failure>
  </testcase> <!-- test3 -->
  <testcase classname="testNgPack.Automation" name="test2" time="0.0">
    <ignored/>
  </testcase> <!-- test2 -->
  <testcase classname="testNgPack.Automation" name="test1" time="0.0">
    <ignored/>
  </testcase> <!-- test1 -->
</testsuite> <!-- Default test(failed) -->
