<?xml version="1.0" encoding="UTF-8"?>
<!-- Generated by org.testng.reporters.JUnitXMLReporter -->
<testsuite ignored="0" hostname="sanket" failures="0" tests="8" name="ChromeTest" time="0.043" errors="0" timestamp="2023-02-11T22:05:42 IST">
  <testcase classname="testNgPack.TestNGClass" name="testA" time="0.003"/>
  <testcase classname="testNgPack.TestNGClass" name="testB" time="0.0"/>
  <testcase classname="testNgPack.TestNGClass" name="testC" time="0.001"/>
  <testcase classname="testNgPack.TestNGClass" name="testD" time="0.0"/>
  <testcase classname="testNgPack.Automation" name="test1" time="0.001"/>
  <testcase classname="testNgPack.Automation" name="test2" time="0.005"/>
  <testcase classname="testNgPack.Automation" name="test3" time="0.0"/>
  <testcase classname="testNgPack.Automation" name="test4" time="0.001"/>
</testsuite> <!-- ChromeTest -->
